nftset=/rutracker.net/4#inet#fw4#vpn_domains
nftset=/rutracker.org/4#inet#fw4#vpn_domains
nftset=/rutracker.wiki/4#inet#fw4#vpn_domains
nftset=/rutor.info/4#inet#fw4#vpn_domains
nftset=/rutor.is/4#inet#fw4#vpn_domains
nftset=/rutor.org/4#inet#fw4#vpn_domains
nftset=/rutracker.cc/4#inet#fw4#vpn_domains
nftset=/rutracker.net/4#inet#fw4#vpn_domains
nftset=/rutracker.org/4#inet#fw4#vpn_domains
nftset=/rutracker.wiki/4#inet#fw4#vpn_domains
nftset=/instagram.com/4#inet#fw4#vpn_domains
nftset=/cdninstagram.com/4#inet#fw4#vpn_domains
nftset=/fbcdn.net/4#inet#fw4#vpn_domains
nftset=/graph.instagram.com/4#inet#fw4#vpn_domains
nftset=/edge-chat.instagram.com/4#inet#fw4#vpn_domains
nftset=/web-chat-e2ee.instagram.com/4#inet#fw4#vpn_domains
nftset=/netflix.ca/4#inet#fw4#vpn_domains
nftset=/netflix.com/4#inet#fw4#vpn_domains
nftset=/netflix.net/4#inet#fw4#vpn_domains
nftset=/netflixinvestor.com/4#inet#fw4#vpn_domains
nftset=/netflixtechblog.com/4#inet#fw4#vpn_domains
nftset=/netlify.com/4#inet#fw4#vpn_domains
nftset=/plex.tv/4#inet#fw4#vpn_domains
nftset=/clients.plex.tv/4#inet#fw4#vpn_domains
nftset=/features.plex.tv/4#inet#fw4#vpn_domains
nftset=/cast-config.plex.tv/4#inet#fw4#vpn_domains
nftset=/app.plex.tv/4#inet#fw4#vpn_domains
nftset=/www.plex.tv/4#inet#fw4#vpn_domains
nftset=/status.plex.tv/4#inet#fw4#vpn_domains
nftset=/discover.provider.plex.tv/4#inet#fw4#vpn_domains
nftset=/support.plex.tv/4#inet#fw4#vpn_domains
nftset=/epg.provider.plex.tv/4#inet#fw4#vpn_domains
nftset=/vod.provider.plex.tv/4#inet#fw4#vpn_domains
nftset=/cast-config.plex.tv/4#inet#fw4#vpn_domains
nftset=/metadata.provider.plex.tv/4#inet#fw4#vpn_domains
nftset=/analytics.plex.tv/4#inet#fw4#vpn_domains
nftset=/features.plex.tv/4#inet#fw4#vpn_domains
